{"C:\\Users\\laura\\OneDrive\\Documentos\\LAURA\\Capacitação\\_Programação\\_Gama Experience\\2.Hard Skills\\Exercícios\\Aulas ao vivo\\14.TypeScript\\LaVie\\la-vie-ts\\src\\infrastructure\\viaCep\\ViaCep.ts": {"path":"C:\\Users\\laura\\OneDrive\\Documentos\\LAURA\\Capacitação\\_Programação\\_Gama Experience\\2.Hard Skills\\Exercícios\\Aulas ao vivo\\14.TypeScript\\LaVie\\la-vie-ts\\src\\infrastructure\\viaCep\\ViaCep.ts","statementMap":{"0":{"start":{"line":5,"column":21},"end":{"line":5,"column":45}},"1":{"start":{"line":9,"column":4},"end":{"line":11,"column":7}},"2":{"start":{"line":15,"column":21},"end":{"line":15,"column":63}},"3":{"start":{"line":16,"column":6},"end":{"line":16,"column":27}}},"fnMap":{"0":{"name":"(anonymous_0)","decl":{"start":{"line":8,"column":2},"end":{"line":8,"column":3}},"loc":{"start":{"line":8,"column":16},"end":{"line":12,"column":3}},"line":8},"1":{"name":"(anonymous_1)","decl":{"start":{"line":14,"column":2},"end":{"line":14,"column":3}},"loc":{"start":{"line":14,"column":38},"end":{"line":17,"column":3}},"line":14}},"branchMap":{},"s":{"0":1,"1":1,"2":1,"3":1},"f":{"0":1,"1":1},"b":{},"_coverageSchema":"1a1c01bbd47fc00a2c39e90264f33305004495a9","hash":"27677a272c18bccdf2e4f5a292b43dab58ece8c0"}
}
